c:\users\psyjw22\documents\github\chickenscomehome\debug\courseworkbase2018.bsc
c:\users\psyjw22\documents\github\chickenscomehome\debug\vc141.pdb
c:\users\psyjw22\documents\github\chickenscomehome\debug\button.sbr
c:\users\psyjw22\documents\github\chickenscomehome\debug\chicken.sbr
c:\users\psyjw22\documents\github\chickenscomehome\debug\draggingdemo.sbr
c:\users\psyjw22\documents\github\chickenscomehome\debug\drawingsurface.sbr
c:\users\psyjw22\documents\github\chickenscomehome\debug\gameengine.sbr
c:\users\psyjw22\documents\github\chickenscomehome\debug\imageobjectdemo.sbr
c:\users\psyjw22\documents\github\chickenscomehome\debug\levelstate.sbr
c:\users\psyjw22\documents\github\chickenscomehome\debug\mainfunction.sbr
c:\users\psyjw22\documents\github\chickenscomehome\debug\baseengine.sbr
c:\users\psyjw22\documents\github\chickenscomehome\debug\displayableobject.sbr
c:\users\psyjw22\documents\github\chickenscomehome\debug\fontmanager.sbr
c:\users\psyjw22\documents\github\chickenscomehome\debug\images.sbr
c:\users\psyjw22\documents\github\chickenscomehome\debug\jasonsdemoa.sbr
c:\users\psyjw22\documents\github\chickenscomehome\debug\jasonsobjecta.sbr
c:\users\psyjw22\documents\github\chickenscomehome\debug\jasonstilemanager.sbr
c:\users\psyjw22\documents\github\chickenscomehome\debug\mazemap.sbr
c:\users\psyjw22\documents\github\chickenscomehome\debug\pausestate.sbr
c:\users\psyjw22\documents\github\chickenscomehome\debug\playingcardsdemo.sbr
c:\users\psyjw22\documents\github\chickenscomehome\debug\rawimage.sbr
c:\users\psyjw22\documents\github\chickenscomehome\debug\simpledemo.sbr
c:\users\psyjw22\documents\github\chickenscomehome\debug\simpledemo.obj
c:\users\psyjw22\documents\github\chickenscomehome\debug\rawimage.obj
c:\users\psyjw22\documents\github\chickenscomehome\debug\playingcardsdemo.obj
c:\users\psyjw22\documents\github\chickenscomehome\debug\pausestate.obj
c:\users\psyjw22\documents\github\chickenscomehome\debug\mazemap.obj
c:\users\psyjw22\documents\github\chickenscomehome\debug\jasonstilemanager.obj
c:\users\psyjw22\documents\github\chickenscomehome\debug\jasonsobjecta.obj
c:\users\psyjw22\documents\github\chickenscomehome\debug\jasonsdemoa.obj
c:\users\psyjw22\documents\github\chickenscomehome\debug\images.obj
c:\users\psyjw22\documents\github\chickenscomehome\debug\fontmanager.obj
c:\users\psyjw22\documents\github\chickenscomehome\debug\displayableobject.obj
c:\users\psyjw22\documents\github\chickenscomehome\debug\baseengine.obj
c:\users\psyjw22\documents\github\chickenscomehome\debug\mainfunction.obj
c:\users\psyjw22\documents\github\chickenscomehome\debug\levelstate.obj
c:\users\psyjw22\documents\github\chickenscomehome\debug\imageobjectdemo.obj
c:\users\psyjw22\documents\github\chickenscomehome\debug\gameengine.obj
c:\users\psyjw22\documents\github\chickenscomehome\debug\drawingsurface.obj
c:\users\psyjw22\documents\github\chickenscomehome\debug\draggingdemo.obj
c:\users\psyjw22\documents\github\chickenscomehome\debug\chicken.obj
c:\users\psyjw22\documents\github\chickenscomehome\debug\button.obj
c:\users\psyjw22\documents\github\chickenscomehome\debug\startstate.sbr
c:\users\psyjw22\documents\github\chickenscomehome\debug\state.sbr
c:\users\psyjw22\documents\github\chickenscomehome\debug\tilemanager.sbr
c:\users\psyjw22\documents\github\chickenscomehome\debug\bouncingball.sbr
c:\users\psyjw22\documents\github\chickenscomehome\debug\bouncingballmain.sbr
c:\users\psyjw22\documents\github\chickenscomehome\debug\welcomestate.sbr
c:\users\psyjw22\documents\github\chickenscomehome\debug\zoomingdemo.sbr
c:\users\psyjw22\documents\github\chickenscomehome\debug\zoomingdemo.obj
c:\users\psyjw22\documents\github\chickenscomehome\debug\welcomestate.obj
c:\users\psyjw22\documents\github\chickenscomehome\debug\bouncingballmain.obj
c:\users\psyjw22\documents\github\chickenscomehome\debug\bouncingball.obj
c:\users\psyjw22\documents\github\chickenscomehome\debug\tilemanager.obj
c:\users\psyjw22\documents\github\chickenscomehome\debug\state.obj
c:\users\psyjw22\documents\github\chickenscomehome\debug\startstate.obj
c:\users\psyjw22\documents\github\chickenscomehome\debug\mazedemomain.sbr
c:\users\psyjw22\documents\github\chickenscomehome\debug\mazedemoobject.sbr
c:\users\psyjw22\documents\github\chickenscomehome\debug\mazedemotilemanager.sbr
c:\users\psyjw22\documents\github\chickenscomehome\debug\mazedemotilemanager.obj
c:\users\psyjw22\documents\github\chickenscomehome\debug\mazedemoobject.obj
c:\users\psyjw22\documents\github\chickenscomehome\debug\mazedemomain.obj
c:\users\psyjw22\documents\github\chickenscomehome\debug\courseworkbase2018.exe
c:\users\psyjw22\documents\github\chickenscomehome\debug\courseworkbase2018.ilk
c:\users\psyjw22\documents\github\chickenscomehome\src\map
c:\users\psyjw22\documents\github\chickenscomehome\debug\courseworkbase2018.pdb
c:\users\psyjw22\documents\github\chickenscomehome\/debug\courseworkbase2018.pdb
c:\users\psyjw22\documents\github\chickenscomehome\/debug\courseworkbase2018.exe
c:\users\psyjw22\documents\github\chickenscomehome\/debug\courseworkbase2018.bsc
c:\users\psyjw22\documents\github\chickenscomehome\/debug\courseworkbase2018.ilk
c:\users\psyjw22\documents\github\chickenscomehome\debug\coursewo.63f64093.tlog\bscmake.command.1.tlog
c:\users\psyjw22\documents\github\chickenscomehome\debug\coursewo.63f64093.tlog\bscmake.read.1.tlog
c:\users\psyjw22\documents\github\chickenscomehome\debug\coursewo.63f64093.tlog\bscmake.write.1.tlog
c:\users\psyjw22\documents\github\chickenscomehome\debug\coursewo.63f64093.tlog\cl.command.1.tlog
c:\users\psyjw22\documents\github\chickenscomehome\debug\coursewo.63f64093.tlog\cl.read.1.tlog
c:\users\psyjw22\documents\github\chickenscomehome\debug\coursewo.63f64093.tlog\cl.write.1.tlog
c:\users\psyjw22\documents\github\chickenscomehome\debug\coursewo.63f64093.tlog\link.command.1.tlog
c:\users\psyjw22\documents\github\chickenscomehome\debug\coursewo.63f64093.tlog\link.read.1.tlog
c:\users\psyjw22\documents\github\chickenscomehome\debug\coursewo.63f64093.tlog\link.write.1.tlog
