  Button.cpp
  Chicken.cpp
  DraggingDemo.cpp
  DrawingSurface.cpp
  GameEngine.cpp
  ImageObjectDemo.cpp
  mainfunction.cpp
  BaseEngine.cpp
  DisplayableObject.cpp
  FontManager.cpp
  Images.cpp
  JasonsDemoA.cpp
  JasonsObjectA.cpp
  JasonsTileManager.cpp
  MazeMap.cpp
  PlayingCardsDemo.cpp
  RawImage.cpp
  SimpleDemo.cpp
  StartState.cpp
  State.cpp
  Generating Code...
  Compiling...
  TileManager.cpp
  BouncingBall.cpp
  BouncingBallMain.cpp
  WelcomeState.cpp
  ZoomingDemo.cpp
  Generating Code...
  MazeDemoMain.cpp
  MazeDemoObject.cpp
  MazeDemoTileManager.cpp
  Generating Code...
  CourseworkBase.vcxproj -> C:\Users\psyjw22\Documents\GitHub\ChickensComeHome\/Debug\CourseworkBase2018.exe
